<?xml version="1.0" encoding="UTF-8"?>
<testsuite xmlns:xsi="http://www.w3.org/2001/XMLSchema-instance" xsi:noNamespaceSchemaLocation="https://maven.apache.org/surefire/maven-surefire-plugin/xsd/surefire-test-report.xsd" name="com.example.whereplace.WhereplaceApplicationTests" time="6.528" tests="2" errors="0" skipped="0" failures="0">
  <properties>
[...]
</properties>
  <testcase name="propsTest" classname="com.example.whereplace.WhereplaceApplicationTests" time="1.059"/>
  <testcase name="contextLoads" classname="com.example.whereplace.WhereplaceApplicationTests" time="0.006"/>
</testsuite>